<?xml version="1.0" encoding="UTF-8"?>
<!-- Generated by org.testng.reporters.JUnitReportReporter -->
<testsuite hostname="hp" failures="0" tests="1" name="com.hrms.testscripts.TC002" time="7.900" errors="0" timestamp="2024-03-18T14:54:52 IST" skipped="0">
  <testcase classname="com.hrms.testscripts.TC002" name="tc002" time="7.900"/>
  <system-out/>
</testsuite> <!-- com.hrms.testscripts.TC002 -->
